#-----------------------------------------------------------
# Vivado v2014.4 (64-bit)
# SW Build 1071353 on Tue Nov 18 18:29:27 MST 2014
# IP Build 1070531 on Tue Nov 18 01:10:18 MST 2014
# Start of session at: Sat Mar 30 13:04:34 2019
# Process ID: 16712
# Log file: F:/minimipsb3/minimips/vivado.log
# Journal file: F:/minimipsb3/minimips\vivado.jou
#-----------------------------------------------------------
start_gui
open_project F:/minimipsb3/minimips/minimips.xpr
Scanning sources...
Finished scanning sources
INFO: [IP_Flow 19-234] Refreshing IP repositories
INFO: [IP_Flow 19-1704] No user IP repositories specified
INFO: [IP_Flow 19-2313] Loaded Vivado IP repository 'G:/Xilinx/Vivado/2014.4/data/ip'.
INFO: [Common 17-41] Interrupt caught. Command should exit soon.
INFO: [Common 17-344] 'open_project' was cancelled
update_compile_order -fileset sources_1
update_compile_order -fileset sim_1
update_compile_order -fileset sources_1reset_run synth_1
launch_runs impl_1
reset_run impl_1
WARNING: [Vivado 12-1017] Problems encountered:
1. Couldn't access process for termination

exit
INFO: [Common 17-206] Exiting Vivado at Sat Mar 30 13:12:16 2019...
Run output will be captured here: F:/minimipsb3/minimips/minimips.runs/impl_1/runme.log
WARNING: [filemgmt 20-1445] Cannot import file 'F:/minimipsb3/minimips/minimips.srcs/sources_1/imports/src/MEM.V' on top of itself. Importing a file from the imported source directory can cause this problem.
add_files -norecurse -scan_for_includes F:/minimipsb3/minimips/minimips.srcs/sources_1/imports/src/MEM.V
WARNING: [filemgmt 56-12] File 'F:/minimipsb3/minimips/minimips.srcs/sources_1/imports/src/defines.v' cannot be added to the project because it already exists in the project, skipping this file
import_files -norecurse F:/minimipsb3/minimips/minimips.srcs/sources_1/imports/src/MEM.V
CRITICAL WARNING: [filemgmt 20-1445] Cannot import file 'F:/minimipsb3/minimips/minimips.srcs/sources_1/imports/src/MEM.V' on top of itself. Importing a file from the imported source directory can cause this problem.
update_compile_order -fileset sources_1
reset_run synth_1
launch_runs impl_1
[Sat Mar 30 13:06:38 2019] Launched synth_1...
Run output will be captured here: F:/minimipsb3/minimips/minimips.runs/synth_1/runme.log
[Sat Mar 30 13:06:38 2019] Launched impl_1...
Run output will be captured here: F:/minimipsb3/minimips/minimips.runs/impl_1/runme.log
WARNING: [filemgmt 20-1445] Cannot import file 'F:/minimipsb3/minimips/minimips.srcs/sources_1/imports/src/MEM_WB.v' on top of itself. Importing a file from the imported source directory can cause this problem.
WARNING: [filemgmt 20-1445] Cannot import file 'F:/minimipsb3/minimips/minimips.srcs/sources_1/imports/src/defines.v' on top of itself. Importing a file from the imported source directory can cause this problem.
WARNING: [filemgmt 20-1445] Cannot import file 'F:/minimipsb3/minimips/minimips.srcs/sources_1/imports/src/Basys3_Top.v' on top of itself. Importing a file from the imported source directory can cause this problem.
WARNING: [filemgmt 20-1445] Cannot import file 'F:/minimipsb3/minimips/minimips.srcs/sources_1/imports/src/ID.v' on top of itself. Importing a file from the imported source directory can cause this problem.
WARNING: [filemgmt 20-1445] Cannot import file 'F:/minimipsb3/minimips/minimips.srcs/sources_1/imports/src/EX.v' on top of itself. Importing a file from the imported source directory can cause this problem.
WARNING: [filemgmt 20-1445] Cannot import file 'F:/minimipsb3/minimips/minimips.srcs/sources_1/imports/src/PC.v' on top of itself. Importing a file from the imported source directory can cause this problem.
WARNING: [filemgmt 20-1445] Cannot import file 'F:/minimipsb3/minimips/minimips.srcs/sources_1/imports/src/miniMIPS_Top.v' on top of itself. Importing a file from the imported source directory can cause this problem.
WARNING: [filemgmt 20-1445] Cannot import file 'F:/minimipsb3/minimips/minimips.srcs/sources_1/imports/src/RegFile.v' on top of itself. Importing a file from the imported source directory can cause this problem.
WARNING: [filemgmt 20-1445] Cannot import file 'F:/minimipsb3/minimips/minimips.srcs/sources_1/imports/src/ID_EX.v' on top of itself. Importing a file from the imported source directory can cause this problem.
WARNING: [filemgmt 20-1445] Cannot import file 'F:/minimipsb3/minimips/minimips.srcs/sources_1/imports/src/MEM.V' on top of itself. Importing a file from the imported source directory can cause this problem.
WARNING: [filemgmt 20-1445] Cannot import file 'F:/minimipsb3/minimips/minimips.srcs/sources_1/imports/src/EX_MEM.v' on top of itself. Importing a file from the imported source directory can cause this problem.
WARNING: [filemgmt 20-1445] Cannot import file 'F:/minimipsb3/minimips/minimips.srcs/sources_1/imports/src/WB.v' on top of itself. Importing a file from the imported source directory can cause this problem.
WARNING: [filemgmt 20-1445] Cannot import file 'F:/minimipsb3/minimips/minimips.srcs/sources_1/imports/src/IF_ID.v' on top of itself. Importing a file from the imported source directory can cause this problem.
WARNING: [filemgmt 20-1445] Cannot import file 'F:/minimipsb3/minimips/minimips.srcs/sources_1/imports/src/confreg.v' on top of itself. Importing a file from the imported source directory can cause this problem.
add_files -norecurse -scan_for_includes F:/minimipsb3/minimips/minimips.srcs/sources_1/imports/src/MEM.V
WARNING: [filemgmt 56-12] File 'F:/minimipsb3/minimips/minimips.srcs/sources_1/imports/src/MEM.V' cannot be added to the project because it already exists in the project, skipping this file
WARNING: [filemgmt 56-12] File 'F:/minimipsb3/minimips/minimips.srcs/sources_1/imports/src/defines.v' cannot be added to the project because it already exists in the project, skipping this file
import_files -norecurse F:/minimipsb3/minimips/minimips.srcs/sources_1/imports/src/MEM.V
CRITICAL WARNING: [filemgmt 20-1445] Cannot import file 'F:/minimipsb3/minimips/minimips.srcs/sources_1/imports/src/MEM.V' on top of itself. Importing a file from the imported source directory can cause this problem.
add_files -norecurse -scan_for_includes {F:/minimipsb3/minimips/minimips.srcs/sources_1/imports/src/MEM_WB.v F:/minimipsb3/minimips/minimips.srcs/sources_1/imports/src/defines.v F:/minimipsb3/minimips/minimips.srcs/sources_1/imports/src/Basys3_Top.v F:/minimipsb3/minimips/minimips.srcs/sources_1/imports/src/ID.v F:/minimipsb3/minimips/minimips.srcs/sources_1/imports/src/EX.v F:/minimipsb3/minimips/minimips.srcs/sources_1/imports/src/PC.v F:/minimipsb3/minimips/minimips.srcs/sources_1/imports/src/miniMIPS_Top.v F:/minimipsb3/minimips/minimips.srcs/sources_1/imports/src/RegFile.v F:/minimipsb3/minimips/minimips.srcs/sources_1/imports/src/ID_EX.v F:/minimipsb3/minimips/minimips.srcs/sources_1/imports/src/EX_MEM.v F:/minimipsb3/minimips/minimips.srcs/sources_1/imports/src/WB.v F:/minimipsb3/minimips/minimips.srcs/sources_1/imports/src/IF_ID.v F:/minimipsb3/minimips/minimips.srcs/sources_1/imports/src/confreg.v}
WARNING: [filemgmt 56-12] File 'F:/minimipsb3/minimips/minimips.srcs/sources_1/imports/src/MEM_WB.v' cannot be added to the project because it already exists in the project, skipping this file
WARNING: [filemgmt 56-12] File 'F:/minimipsb3/minimips/minimips.srcs/sources_1/imports/src/defines.v' cannot be added to the project because it already exists in the project, skipping this file
WARNING: [filemgmt 56-12] File 'F:/minimipsb3/minimips/minimips.srcs/sources_1/imports/src/Basys3_Top.v' cannot be added to the project because it already exists in the project, skipping this file
WARNING: [filemgmt 56-12] File 'F:/minimipsb3/minimips/minimips.srcs/sources_1/imports/src/ID.v' cannot be added to the project because it already exists in the project, skipping this file
WARNING: [filemgmt 56-12] File 'F:/minimipsb3/minimips/minimips.srcs/sources_1/imports/src/EX.v' cannot be added to the project because it already exists in the project, skipping this file
WARNING: [filemgmt 56-12] File 'F:/minimipsb3/minimips/minimips.srcs/sources_1/imports/src/PC.v' cannot be added to the project because it already exists in the project, skipping this file
WARNING: [filemgmt 56-12] File 'F:/minimipsb3/minimips/minimips.srcs/sources_1/imports/src/miniMIPS_Top.v' cannot be added to the project because it already exists in the project, skipping this file
WARNING: [filemgmt 56-12] File 'F:/minimipsb3/minimips/minimips.srcs/sources_1/imports/src/RegFile.v' cannot be added to the project because it already exists in the project, skipping this file
WARNING: [filemgmt 56-12] File 'F:/minimipsb3/minimips/minimips.srcs/sources_1/imports/src/ID_EX.v' cannot be added to the project because it already exists in the project, skipping this file
WARNING: [filemgmt 56-12] File 'F:/minimipsb3/minimips/minimips.srcs/sources_1/imports/src/EX_MEM.v' cannot be added to the project because it already exists in the project, skipping this file
WARNING: [filemgmt 56-12] File 'F:/minimipsb3/minimips/minimips.srcs/sources_1/imports/src/IF_ID.v' cannot be added to the project because it already exists in the project, skipping this file
WARNING: [filemgmt 56-12] File 'F:/minimipsb3/minimips/minimips.srcs/sources_1/imports/src/confreg.v' cannot be added to the project because it already exists in the project, skipping this file
WARNING: [filemgmt 56-12] File 'F:/minimipsb3/minimips/minimips.srcs/sources_1/imports/src/defines.v' cannot be added to the project because it already exists in the project, skipping this file
import_files -norecurse {F:/minimipsb3/minimips/minimips.srcs/sources_1/imports/src/MEM_WB.v F:/minimipsb3/minimips/minimips.srcs/sources_1/imports/src/defines.v F:/minimipsb3/minimips/minimips.srcs/sources_1/imports/src/Basys3_Top.v F:/minimipsb3/minimips/minimips.srcs/sources_1/imports/src/ID.v F:/minimipsb3/minimips/minimips.srcs/sources_1/imports/src/EX.v F:/minimipsb3/minimips/minimips.srcs/sources_1/imports/src/PC.v F:/minimipsb3/minimips/minimips.srcs/sources_1/imports/src/miniMIPS_Top.v F:/minimipsb3/minimips/minimips.srcs/sources_1/imports/src/RegFile.v F:/minimipsb3/minimips/minimips.srcs/sources_1/imports/src/ID_EX.v F:/minimipsb3/minimips/minimips.srcs/sources_1/imports/src/EX_MEM.v F:/minimipsb3/minimips/minimips.srcs/sources_1/imports/src/WB.v F:/minimipsb3/minimips/minimips.srcs/sources_1/imports/src/IF_ID.v F:/minimipsb3/minimips/minimips.srcs/sources_1/imports/src/confreg.v}
CRITICAL WARNING: [filemgmt 20-1445] Cannot import file 'F:/minimipsb3/minimips/minimips.srcs/sources_1/imports/src/MEM_WB.v' on top of itself. Importing a file from the imported source directory can cause this problem.
CRITICAL WARNING: [filemgmt 20-1445] Cannot import file 'F:/minimipsb3/minimips/minimips.srcs/sources_1/imports/src/defines.v' on top of itself. Importing a file from the imported source directory can cause this problem.
CRITICAL WARNING: [filemgmt 20-1445] Cannot import file 'F:/minimipsb3/minimips/minimips.srcs/sources_1/imports/src/Basys3_Top.v' on top of itself. Importing a file from the imported source directory can cause this problem.
CRITICAL WARNING: [filemgmt 20-1445] Cannot import file 'F:/minimipsb3/minimips/minimips.srcs/sources_1/imports/src/ID.v' on top of itself. Importing a file from the imported source directory can cause this problem.
CRITICAL WARNING: [filemgmt 20-1445] Cannot import file 'F:/minimipsb3/minimips/minimips.srcs/sources_1/imports/src/EX.v' on top of itself. Importing a file from the imported source directory can cause this problem.
CRITICAL WARNING: [filemgmt 20-1445] Cannot import file 'F:/minimipsb3/minimips/minimips.srcs/sources_1/imports/src/PC.v' on top of itself. Importing a file from the imported source directory can cause this problem.
CRITICAL WARNING: [filemgmt 20-1445] Cannot import file 'F:/minimipsb3/minimips/minimips.srcs/sources_1/imports/src/miniMIPS_Top.v' on top of itself. Importing a file from the imported source directory can cause this problem.
CRITICAL WARNING: [filemgmt 20-1445] Cannot import file 'F:/minimipsb3/minimips/minimips.srcs/sources_1/imports/src/RegFile.v' on top of itself. Importing a file from the imported source directory can cause this problem.
CRITICAL WARNING: [filemgmt 20-1445] Cannot import file 'F:/minimipsb3/minimips/minimips.srcs/sources_1/imports/src/ID_EX.v' on top of itself. Importing a file from the imported source directory can cause this problem.
CRITICAL WARNING: [filemgmt 20-1445] Cannot import file 'F:/minimipsb3/minimips/minimips.srcs/sources_1/imports/src/EX_MEM.v' on top of itself. Importing a file from the imported source directory can cause this problem.
CRITICAL WARNING: [filemgmt 20-1445] Cannot import file 'F:/minimipsb3/minimips/minimips.srcs/sources_1/imports/src/WB.v' on top of itself. Importing a file from the imported source directory can cause this problem.
CRITICAL WARNING: [filemgmt 20-1445] Cannot import file 'F:/minimipsb3/minimips/minimips.srcs/sources_1/imports/src/IF_ID.v' on top of itself. Importing a file from the imported source directory can cause this problem.
CRITICAL WARNING: [filemgmt 20-1445] Cannot import file 'F:/minimipsb3/minimips/minimips.srcs/sources_1/imports/src/confreg.v' on top of itself. Importing a file from the imported source directory can cause this problem.
update_compile_order -fileset sources_1
reset_run synth_1
reset_run irom_synth_1
launch_runs impl_1
INFO: [IP_Flow 19-1686] Generating 'Synthesis' target for IP 'irom'...
WARNING: [IP_Flow 19-1687] The current project language is set to Verilog. However IP 'irom' does not support 'Verilog Synthesis' output products, delivering 'VHDL Synthesis' output products instead.
[Sat Mar 30 13:07:41 2019] Launched irom_synth_1, synth_1...
Run output will be captured here:
irom_synth_1: F:/minimipsb3/minimips/minimips.runs/irom_synth_1/runme.log
synth_1: F:/minimipsb3/minimips/minimips.runs/synth_1/runme.log
[Sat Mar 30 13:07:41 2019] Launched impl_1...
Run output will be captured here: F:/minimipsb3/minimips/minimips.runs/impl_1/runme.log
reset_run impl_1
launch_runs impl_1 -to_step write_bitstream
[Sat Mar 30 13:12:20 2019] Launched impl_1...
Run output will be captured here: F:/minimipsb3/minimips/minimips.runs/impl_1/runme.log
open_hw
connect_hw_server
INFO: [Labtools 27-2285] Connecting to hw_server url TCP:localhost:3121
INFO: [Labtools 27-2222] Launching hw_server...
INFO: [Labtools 27-2221] Launch Output:

****** Xilinx hw_server v2014.4
  **** Build date : Nov 18 2014-18:09:44
    ** Copyright 1986-1999, 2001-2014 Xilinx, Inc. All Rights Reserved.

INFO: hw_server application started
INFO: Use Ctrl-C to exit hw_server application


****** Xilinx hw_server v2014.4
  **** Build date : Nov 18 2014-18:09:44
    ** Copyright 1986-1999, 2001-2014 Xilinx, Inc. All Rights Reserved.

INFO: hw_server application started
INFO: Use Ctrl-C to exit hw_server application


WARNING: [Labtoolstcl 44-26] No hardware targets exist on the server [localhost]
Check to make sure the cable targets connected to this machine are properly connected
and powered up, then use the disconnect_hw_server and connect_hw_server commands
to re-register the hardware targets.
disconnect_hw_server localhost
connect_hw_server -url localhost:3121
INFO: [Labtools 27-2285] Connecting to hw_server url TCP:localhost:3121
current_hw_target [get_hw_targets */xilinx_tcf/Digilent/210183A89EA0A]
set_property PARAM.FREQUENCY 15000000 [get_hw_targets */xilinx_tcf/Digilent/210183A89EA0A]
open_hw_target
INFO: [Labtoolstcl 44-466] Opening hw_target localhost:3121/xilinx_tcf/Digilent/210183A89EA0A
set_property PROGRAM.FILE {F:/minimipsb3/minimips/minimips.runs/impl_1/Basys3_Top.bit} [lindex [get_hw_devices] 0]
set_property PROBES.FILE {F:/minimipsb3/minimips/minimips.runs/impl_1/debug_nets.ltx} [lindex [get_hw_devices] 0]
current_hw_device [lindex [get_hw_devices] 0]
refresh_hw_device -update_hw_probes false [lindex [get_hw_devices] 0]
INFO: [Labtools 27-1435] Device xc7a35t (JTAG device index = 0) is not programmed (DONE status = 0).
set_property PROBES.FILE {F:/minimipsb3/minimips/minimips.runs/impl_1/debug_nets.ltx} [lindex [get_hw_devices] 0]
set_property PROGRAM.FILE {F:/minimipsb3/minimips/minimips.runs/impl_1/Basys3_Top.bit} [lindex [get_hw_devices] 0]
program_hw_devices [lindex [get_hw_devices] 0]
INFO: [Labtools 27-32] Done pin status: HIGH
refresh_hw_device [lindex [get_hw_devices] 0]
INFO: [Labtools 27-1434] Device xc7a35t (JTAG device index = 0) is programmed with a design that has no supported debug core(s) in it.
WARNING: [Labtools 27-3123] The debug hub core was not detected at User Scan Chain 1 or 3.
Resolution: 
1. Make sure the clock connected to the debug hub (dbg_hub) core is a free running clock and is active OR
2. Manually launch hw_server with -e "set xsdb-user-bscan <C_USER_SCAN_CHAIN scan_chain_number>" to detect the debug hub at User Scan Chain of 2 or 4. To determine the user scan chain setting, open the implemented design and use: get_property C_USER_SCAN_CHAIN [get_debug_cores dbg_hub].
refresh_hw_device [lindex [get_hw_devices] 0]
INFO: [Labtools 27-1434] Device xc7a35t (JTAG device index = 0) is programmed with a design that has no supported debug core(s) in it.
WARNING: [Labtools 27-3123] The debug hub core was not detected at User Scan Chain 1 or 3.
Resolution: 
1. Make sure the clock connected to the debug hub (dbg_hub) core is a free running clock and is active OR
2. Manually launch hw_server with -e "set xsdb-user-bscan <C_USER_SCAN_CHAIN scan_chain_number>" to detect the debug hub at User Scan Chain of 2 or 4. To determine the user scan chain setting, open the implemented design and use: get_property C_USER_SCAN_CHAIN [get_debug_cores dbg_hub].
set_property PROBES.FILE {F:/minimipsb3/minimips/minimips.runs/impl_1/debug_nets.ltx} [lindex [get_hw_devices] 0]
set_property PROGRAM.FILE {F:/minimipsb3/minimips/minimips.runs/impl_1/Basys3_Top.bit} [lindex [get_hw_devices] 0]
program_hw_devices [lindex [get_hw_devices] 0]
INFO: [Labtools 27-32] Done pin status: HIGH
refresh_hw_device [lindex [get_hw_devices] 0]
INFO: [Labtools 27-1434] Device xc7a35t (JTAG device index = 0) is programmed with a design that has no supported debug core(s) in it.
WARNING: [Labtools 27-3123] The debug hub core was not detected at User Scan Chain 1 or 3.
Resolution: 
1. Make sure the clock connected to the debug hub (dbg_hub) core is a free running clock and is active OR
2. Manually launch hw_server with -e "set xsdb-user-bscan <C_USER_SCAN_CHAIN scan_chain_number>" to detect the debug hub at User Scan Chain of 2 or 4. To determine the user scan chain setting, open the implemented design and use: get_property C_USER_SCAN_CHAIN [get_debug_cores dbg_hub].
exit
INFO: [Common 17-206] Exiting Vivado at Sat Mar 30 13:17:42 2019...
